<?xml version="1.0" encoding="UTF-8"?>
<!-- Generated by org.testng.reporters.JUnitReportReporter -->
<testsuite hostname="LT012489" name="testscripts.Scenario1" tests="1" failures="0" timestamp="5 Apr 2013 14:11:39 GMT" time="58.803" errors="0">
  <testcase name="runTC1" time="58.803" classname="testscripts.Scenario1"/>
</testsuite> <!-- testscripts.Scenario1 -->
