<?xml version="1.0" encoding="UTF-8"?>
<!-- Generated by org.testng.reporters.JUnitReportReporter -->
<testsuite hostname="PU7L62TMVF2" name="testscripts.scenario1.TC1" tests="1" failures="0" timestamp="11 Aug 2017 11:45:58 GMT" time="47.899" errors="0">
  <testcase name="runTC1" time="47.899" classname="testscripts.scenario1.TC1"/>
</testsuite> <!-- testscripts.scenario1.TC1 -->
