<?xml version="1.0" encoding="UTF-8"?>
<!-- Generated by org.testng.reporters.JUnitReportReporter -->
<testsuite hostname="LT012489" name="testscripts.Scenario2" tests="1" failures="0" timestamp="6 Feb 2013 14:19:15 GMT" time="44.900" errors="0">
  <testcase name="runTC4" time="44.900" classname="testscripts.Scenario2"/>
</testsuite> <!-- testscripts.Scenario2 -->
